1640618064865	geckodriver	INFO	Listening on 127.0.0.1:54733
1640618065395	mozrunner::runner	INFO	Running command: "/Applications/Firefox.app/Contents/MacOS/firefox-bin" "--marionette" "--remote-debugging-port" "54734" "-foreground" "-no-remote" "-profile" "/var/folders/49/fzq0g8b9713dfw942nvlsn480000gn/T/rust_mozprofileqy5L6s"
1640618066067	Marionette	INFO	Marionette enabled
2021-12-28 00:14:26.899 firefox-bin[37087:338158] Warning: Expected min height of view: (<NSButton: 0x12ec2fc00>) to be less than or equal to 30 but got a height of 32.000000. This error will be logged once per view in violation.
2021-12-28 00:14:26.899 firefox-bin[37087:338158] Warning: Expected min height of view: (<NSButton: 0x134c48000>) to be less than or equal to 30 but got a height of 32.000000. This error will be logged once per view in violation.
2021-12-28 00:14:26.899 firefox-bin[37087:338158] Warning: Expected min height of view: (<NSButton: 0x134c48800>) to be less than or equal to 30 but got a height of 32.000000. This error will be logged once per view in violation.
2021-12-28 00:14:26.900 firefox-bin[37087:338158] Warning: Expected min height of view: (<NSButton: 0x134c48c00>) to be less than or equal to 30 but got a height of 32.000000. This error will be logged once per view in violation.
2021-12-28 00:14:26.900 firefox-bin[37087:338158] Warning: Expected min height of view: (<NSButton: 0x134c49400>) to be less than or equal to 30 but got a height of 32.000000. This error will be logged once per view in violation.
2021-12-28 00:14:26.900 firefox-bin[37087:338158] Warning: Expected min height of view: (<NSPopoverTouchBarItemButton: 0x134c4dc00>) to be less than or equal to 30 but got a height of 32.000000. This error will be logged once per view in violation.
2021-12-28 00:14:26.901 firefox-bin[37087:338158] Warning: Expected min height of view: (<NSPopoverTouchBarItemButton: 0x11b208c00>) to be less than or equal to 30 but got a height of 32.000000. This error will be logged once per view in violation.
console.warn: SearchSettings: "get: No settings file exists, new profile?" (new NotFoundError("Could not open the file at /var/folders/49/fzq0g8b9713dfw942nvlsn480000gn/T/rust_mozprofileqy5L6s/search.json.mozlz4", (void 0)))
console.error: BackgroundUpdate: 
  _reasonsToNotScheduleUpdates: Failed to check for Maintenance Service Registry Key: [Exception... "Component returned failure code: 0x80004001 (NS_ERROR_NOT_IMPLEMENTED) [nsIUpdateProcessor.getServiceRegKeyExists]"  nsresult: "0x80004001 (NS_ERROR_NOT_IMPLEMENTED)"  location: "JS frame :: resource://gre/modules/BackgroundUpdate.jsm :: _reasonsToNotScheduleUpdates :: line 243"  data: no]
DevTools listening on ws://localhost:54734/devtools/browser/8f816ca7-c7ac-44ce-a434-7dde9958631e
1640618067926	Marionette	INFO	Listening on port 54739
1640618068004	RemoteAgent	WARN	TLS certificate errors will be ignored for this session
1640618068165	Marionette	INFO	Stopped listening on port 54739

###!!! [Parent][RunMessage] Error: Channel closing: too late to send/recv, messages will be lost

1640702196596	geckodriver	INFO	Listening on 127.0.0.1:54400
1640702197104	mozrunner::runner	INFO	Running command: "/Applications/Firefox.app/Contents/MacOS/firefox-bin" "--marionette" "--remote-debugging-port" "54401" "-foreground" "-no-remote" "-profile" "/var/folders/49/fzq0g8b9713dfw942nvlsn480000gn/T/rust_mozprofile9jSclp"
1640702198063	Marionette	INFO	Marionette enabled
2021-12-28 23:36:38.955 firefox-bin[33111:369020] Warning: Expected min height of view: (<NSButton: 0x118eba800>) to be less than or equal to 30 but got a height of 32.000000. This error will be logged once per view in violation.
2021-12-28 23:36:38.957 firefox-bin[33111:369020] Warning: Expected min height of view: (<NSButton: 0x132947c00>) to be less than or equal to 30 but got a height of 32.000000. This error will be logged once per view in violation.
2021-12-28 23:36:38.959 firefox-bin[33111:369020] Warning: Expected min height of view: (<NSButton: 0x132943800>) to be less than or equal to 30 but got a height of 32.000000. This error will be logged once per view in violation.
2021-12-28 23:36:38.959 firefox-bin[33111:369020] Warning: Expected min height of view: (<NSButton: 0x132948000>) to be less than or equal to 30 but got a height of 32.000000. This error will be logged once per view in violation.
2021-12-28 23:36:38.961 firefox-bin[33111:369020] Warning: Expected min height of view: (<NSButton: 0x132944000>) to be less than or equal to 30 but got a height of 32.000000. This error will be logged once per view in violation.
2021-12-28 23:36:38.961 firefox-bin[33111:369020] Warning: Expected min height of view: (<NSPopoverTouchBarItemButton: 0x132944400>) to be less than or equal to 30 but got a height of 32.000000. This error will be logged once per view in violation.
2021-12-28 23:36:38.961 firefox-bin[33111:369020] Warning: Expected min height of view: (<NSPopoverTouchBarItemButton: 0x118e96400>) to be less than or equal to 30 but got a height of 32.000000. This error will be logged once per view in violation.
console.warn: SearchSettings: "get: No settings file exists, new profile?" (new NotFoundError("Could not open the file at /var/folders/49/fzq0g8b9713dfw942nvlsn480000gn/T/rust_mozprofile9jSclp/search.json.mozlz4", (void 0)))
console.error: BackgroundUpdate: 
  _reasonsToNotScheduleUpdates: Failed to check for Maintenance Service Registry Key: [Exception... "Component returned failure code: 0x80004001 (NS_ERROR_NOT_IMPLEMENTED) [nsIUpdateProcessor.getServiceRegKeyExists]"  nsresult: "0x80004001 (NS_ERROR_NOT_IMPLEMENTED)"  location: "JS frame :: resource://gre/modules/BackgroundUpdate.jsm :: _reasonsToNotScheduleUpdates :: line 243"  data: no]
DevTools listening on ws://localhost:54401/devtools/browser/40da965f-6ffa-4f65-bf59-822579ba584a
1640702199997	Marionette	INFO	Listening on port 54408
1640702200033	RemoteAgent	WARN	TLS certificate errors will be ignored for this session
1640702200149	Marionette	INFO	Stopped listening on port 54408
1640702242852	geckodriver	INFO	Listening on 127.0.0.1:54460
1640702242859	mozrunner::runner	INFO	Running command: "/Applications/Firefox.app/Contents/MacOS/firefox-bin" "--marionette" "--remote-debugging-port" "54461" "-foreground" "-no-remote" "-profile" "/var/folders/49/fzq0g8b9713dfw942nvlsn480000gn/T/rust_mozprofileUyffOC"
1640702243295	Marionette	INFO	Marionette enabled
2021-12-28 23:37:23.935 firefox-bin[33204:370209] Warning: Expected min height of view: (<NSButton: 0x133c3f400>) to be less than or equal to 30 but got a height of 32.000000. This error will be logged once per view in violation.
2021-12-28 23:37:23.935 firefox-bin[33204:370209] Warning: Expected min height of view: (<NSButton: 0x133f50800>) to be less than or equal to 30 but got a height of 32.000000. This error will be logged once per view in violation.
2021-12-28 23:37:23.935 firefox-bin[33204:370209] Warning: Expected min height of view: (<NSButton: 0x133f4d400>) to be less than or equal to 30 but got a height of 32.000000. This error will be logged once per view in violation.
2021-12-28 23:37:23.936 firefox-bin[33204:370209] Warning: Expected min height of view: (<NSButton: 0x133f51400>) to be less than or equal to 30 but got a height of 32.000000. This error will be logged once per view in violation.
2021-12-28 23:37:23.936 firefox-bin[33204:370209] Warning: Expected min height of view: (<NSButton: 0x133f4e000>) to be less than or equal to 30 but got a height of 32.000000. This error will be logged once per view in violation.
2021-12-28 23:37:23.937 firefox-bin[33204:370209] Warning: Expected min height of view: (<NSPopoverTouchBarItemButton: 0x133f4d800>) to be less than or equal to 30 but got a height of 32.000000. This error will be logged once per view in violation.
2021-12-28 23:37:23.937 firefox-bin[33204:370209] Warning: Expected min height of view: (<NSPopoverTouchBarItemButton: 0x11ad0bc00>) to be less than or equal to 30 but got a height of 32.000000. This error will be logged once per view in violation.
console.warn: SearchSettings: "get: No settings file exists, new profile?" (new NotFoundError("Could not open the file at /var/folders/49/fzq0g8b9713dfw942nvlsn480000gn/T/rust_mozprofileUyffOC/search.json.mozlz4", (void 0)))
console.error: BackgroundUpdate: 
  _reasonsToNotScheduleUpdates: Failed to check for Maintenance Service Registry Key: [Exception... "Component returned failure code: 0x80004001 (NS_ERROR_NOT_IMPLEMENTED) [nsIUpdateProcessor.getServiceRegKeyExists]"  nsresult: "0x80004001 (NS_ERROR_NOT_IMPLEMENTED)"  location: "JS frame :: resource://gre/modules/BackgroundUpdate.jsm :: _reasonsToNotScheduleUpdates :: line 243"  data: no]
DevTools listening on ws://localhost:54461/devtools/browser/9bc4f1c9-fe32-4ad6-9167-ac01fee68063
1640702244892	Marionette	INFO	Listening on port 54466
1640702244945	RemoteAgent	WARN	TLS certificate errors will be ignored for this session
JavaScript error: resource://gre/actors/AutoCompleteChild.jsm, line 125: Error: Invalid autocomplete selectedIndex
1640702248139	Marionette	INFO	Stopped listening on port 54466

###!!! [Parent][RunMessage] Error: Channel closing: too late to send/recv, messages will be lost

1640702697656	geckodriver	INFO	Listening on 127.0.0.1:54618
1640702697664	mozrunner::runner	INFO	Running command: "/Applications/Firefox.app/Contents/MacOS/firefox-bin" "--marionette" "--remote-debugging-port" "54619" "-foreground" "-no-remote" "-profile" "/var/folders/49/fzq0g8b9713dfw942nvlsn480000gn/T/rust_mozprofileyRqphS"
1640702698286	Marionette	INFO	Marionette enabled
2021-12-28 23:44:59.096 firefox-bin[33908:376855] Warning: Expected min height of view: (<NSButton: 0x12be7f800>) to be less than or equal to 30 but got a height of 32.000000. This error will be logged once per view in violation.
2021-12-28 23:44:59.096 firefox-bin[33908:376855] Warning: Expected min height of view: (<NSButton: 0x13251d400>) to be less than or equal to 30 but got a height of 32.000000. This error will be logged once per view in violation.
2021-12-28 23:44:59.097 firefox-bin[33908:376855] Warning: Expected min height of view: (<NSButton: 0x132521800>) to be less than or equal to 30 but got a height of 32.000000. This error will be logged once per view in violation.
2021-12-28 23:44:59.097 firefox-bin[33908:376855] Warning: Expected min height of view: (<NSButton: 0x132520800>) to be less than or equal to 30 but got a height of 32.000000. This error will be logged once per view in violation.
2021-12-28 23:44:59.097 firefox-bin[33908:376855] Warning: Expected min height of view: (<NSButton: 0x132520c00>) to be less than or equal to 30 but got a height of 32.000000. This error will be logged once per view in violation.
2021-12-28 23:44:59.098 firefox-bin[33908:376855] Warning: Expected min height of view: (<NSPopoverTouchBarItemButton: 0x132522c00>) to be less than or equal to 30 but got a height of 32.000000. This error will be logged once per view in violation.
2021-12-28 23:44:59.098 firefox-bin[33908:376855] Warning: Expected min height of view: (<NSPopoverTouchBarItemButton: 0x118b82000>) to be less than or equal to 30 but got a height of 32.000000. This error will be logged once per view in violation.
console.warn: SearchSettings: "get: No settings file exists, new profile?" (new NotFoundError("Could not open the file at /var/folders/49/fzq0g8b9713dfw942nvlsn480000gn/T/rust_mozprofileyRqphS/search.json.mozlz4", (void 0)))
console.error: BackgroundUpdate: 
  _reasonsToNotScheduleUpdates: Failed to check for Maintenance Service Registry Key: [Exception... "Component returned failure code: 0x80004001 (NS_ERROR_NOT_IMPLEMENTED) [nsIUpdateProcessor.getServiceRegKeyExists]"  nsresult: "0x80004001 (NS_ERROR_NOT_IMPLEMENTED)"  location: "JS frame :: resource://gre/modules/BackgroundUpdate.jsm :: _reasonsToNotScheduleUpdates :: line 243"  data: no]
DevTools listening on ws://localhost:54619/devtools/browser/806f39b1-eb7a-4f48-8be0-fe05402504c8
1640702700099	Marionette	INFO	Listening on port 54622
1640702700159	RemoteAgent	WARN	TLS certificate errors will be ignored for this session
JavaScript error: resource://gre/actors/AutoCompleteChild.jsm, line 125: Error: Invalid autocomplete selectedIndex
JavaScript error: resource://gre/actors/AutoCompleteChild.jsm, line 125: Error: Invalid autocomplete selectedIndex
JavaScript error: resource://gre/modules/LoginManagerChild.jsm, line 194: NS_ERROR_XPC_JAVASCRIPT_ERROR_WITH_DETAILS: [JavaScript Error: "Invalid autocomplete selectedIndex" {file: "resource://gre/actors/AutoCompleteChild.jsm" line: 125}]'[JavaScript Error: "Invalid autocomplete selectedIndex" {file: "resource://gre/actors/AutoCompleteChild.jsm" line: 125}]' when calling method: [nsIAutoCompletePopup::selectedIndex]
1640702713380	Marionette	INFO	Stopped listening on port 54622

###!!! [Parent][RunMessage] Error: Channel closing: too late to send/recv, messages will be lost

1640702830606	geckodriver	INFO	Listening on 127.0.0.1:54707
1640702831132	mozrunner::runner	INFO	Running command: "/Applications/Firefox.app/Contents/MacOS/firefox-bin" "--marionette" "--remote-debugging-port" "54708" "-foreground" "-no-remote" "-profile" "/var/folders/49/fzq0g8b9713dfw942nvlsn480000gn/T/rust_mozprofilePygA28"
1640702831758	Marionette	INFO	Marionette enabled
2021-12-28 23:47:12.577 firefox-bin[34103:379247] Warning: Expected min height of view: (<NSButton: 0x12fe68000>) to be less than or equal to 30 but got a height of 32.000000. This error will be logged once per view in violation.
2021-12-28 23:47:12.577 firefox-bin[34103:379247] Warning: Expected min height of view: (<NSButton: 0x136540000>) to be less than or equal to 30 but got a height of 32.000000. This error will be logged once per view in violation.
2021-12-28 23:47:12.578 firefox-bin[34103:379247] Warning: Expected min height of view: (<NSButton: 0x13653fc00>) to be less than or equal to 30 but got a height of 32.000000. This error will be logged once per view in violation.
2021-12-28 23:47:12.578 firefox-bin[34103:379247] Warning: Expected min height of view: (<NSButton: 0x13653ec00>) to be less than or equal to 30 but got a height of 32.000000. This error will be logged once per view in violation.
2021-12-28 23:47:12.579 firefox-bin[34103:379247] Warning: Expected min height of view: (<NSButton: 0x136544000>) to be less than or equal to 30 but got a height of 32.000000. This error will be logged once per view in violation.
2021-12-28 23:47:12.579 firefox-bin[34103:379247] Warning: Expected min height of view: (<NSPopoverTouchBarItemButton: 0x136545000>) to be less than or equal to 30 but got a height of 32.000000. This error will be logged once per view in violation.
2021-12-28 23:47:12.579 firefox-bin[34103:379247] Warning: Expected min height of view: (<NSPopoverTouchBarItemButton: 0x11cb6cc00>) to be less than or equal to 30 but got a height of 32.000000. This error will be logged once per view in violation.
console.warn: SearchSettings: "get: No settings file exists, new profile?" (new NotFoundError("Could not open the file at /var/folders/49/fzq0g8b9713dfw942nvlsn480000gn/T/rust_mozprofilePygA28/search.json.mozlz4", (void 0)))
console.error: BackgroundUpdate: 
  _reasonsToNotScheduleUpdates: Failed to check for Maintenance Service Registry Key: [Exception... "Component returned failure code: 0x80004001 (NS_ERROR_NOT_IMPLEMENTED) [nsIUpdateProcessor.getServiceRegKeyExists]"  nsresult: "0x80004001 (NS_ERROR_NOT_IMPLEMENTED)"  location: "JS frame :: resource://gre/modules/BackgroundUpdate.jsm :: _reasonsToNotScheduleUpdates :: line 243"  data: no]
DevTools listening on ws://localhost:54708/devtools/browser/e957bcdf-e34a-45b2-a20f-c58da74f8061
1640702833554	Marionette	INFO	Listening on port 54713
1640702833636	RemoteAgent	WARN	TLS certificate errors will be ignored for this session
JavaScript error: resource://gre/actors/AutoCompleteChild.jsm, line 125: Error: Invalid autocomplete selectedIndex
JavaScript error: resource://gre/actors/AutoCompleteChild.jsm, line 125: Error: Invalid autocomplete selectedIndex
JavaScript error: resource://gre/modules/LoginManagerChild.jsm, line 194: NS_ERROR_XPC_JAVASCRIPT_ERROR_WITH_DETAILS: [JavaScript Error: "Invalid autocomplete selectedIndex" {file: "resource://gre/actors/AutoCompleteChild.jsm" line: 125}]'[JavaScript Error: "Invalid autocomplete selectedIndex" {file: "resource://gre/actors/AutoCompleteChild.jsm" line: 125}]' when calling method: [nsIAutoCompletePopup::selectedIndex]
1640702846876	Marionette	INFO	Stopped listening on port 54713

###!!! [Parent][RunMessage] Error: Channel closing: too late to send/recv, messages will be lost

1640703443123	geckodriver	INFO	Listening on 127.0.0.1:54863
1640703443129	mozrunner::runner	INFO	Running command: "/Applications/Firefox.app/Contents/MacOS/firefox-bin" "--marionette" "--remote-debugging-port" "54864" "-foreground" "-no-remote" "-profile" "/var/folders/49/fzq0g8b9713dfw942nvlsn480000gn/T/rust_mozprofileOp1Qg8"
1640703443566	Marionette	INFO	Marionette enabled
2021-12-28 23:57:24.229 firefox-bin[35134:388066] Warning: Expected min height of view: (<NSButton: 0x11cc71400>) to be less than or equal to 30 but got a height of 32.000000. This error will be logged once per view in violation.
2021-12-28 23:57:24.229 firefox-bin[35134:388066] Warning: Expected min height of view: (<NSButton: 0x1364e4c00>) to be less than or equal to 30 but got a height of 32.000000. This error will be logged once per view in violation.
2021-12-28 23:57:24.229 firefox-bin[35134:388066] Warning: Expected min height of view: (<NSButton: 0x10d48e000>) to be less than or equal to 30 but got a height of 32.000000. This error will be logged once per view in violation.
2021-12-28 23:57:24.230 firefox-bin[35134:388066] Warning: Expected min height of view: (<NSButton: 0x1364e9000>) to be less than or equal to 30 but got a height of 32.000000. This error will be logged once per view in violation.
2021-12-28 23:57:24.230 firefox-bin[35134:388066] Warning: Expected min height of view: (<NSButton: 0x1364e5000>) to be less than or equal to 30 but got a height of 32.000000. This error will be logged once per view in violation.
2021-12-28 23:57:24.230 firefox-bin[35134:388066] Warning: Expected min height of view: (<NSPopoverTouchBarItemButton: 0x1364e6c00>) to be less than or equal to 30 but got a height of 32.000000. This error will be logged once per view in violation.
2021-12-28 23:57:24.231 firefox-bin[35134:388066] Warning: Expected min height of view: (<NSPopoverTouchBarItemButton: 0x11cc06000>) to be less than or equal to 30 but got a height of 32.000000. This error will be logged once per view in violation.
console.warn: SearchSettings: "get: No settings file exists, new profile?" (new NotFoundError("Could not open the file at /var/folders/49/fzq0g8b9713dfw942nvlsn480000gn/T/rust_mozprofileOp1Qg8/search.json.mozlz4", (void 0)))
console.error: BackgroundUpdate: 
  _reasonsToNotScheduleUpdates: Failed to check for Maintenance Service Registry Key: [Exception... "Component returned failure code: 0x80004001 (NS_ERROR_NOT_IMPLEMENTED) [nsIUpdateProcessor.getServiceRegKeyExists]"  nsresult: "0x80004001 (NS_ERROR_NOT_IMPLEMENTED)"  location: "JS frame :: resource://gre/modules/BackgroundUpdate.jsm :: _reasonsToNotScheduleUpdates :: line 243"  data: no]
DevTools listening on ws://localhost:54864/devtools/browser/fa85def7-7c44-49dd-9c8a-c9d0ffc8e80b
1640703445390	Marionette	INFO	Listening on port 54867
1640703445421	RemoteAgent	WARN	TLS certificate errors will be ignored for this session
JavaScript error: resource://gre/actors/AutoCompleteChild.jsm, line 125: Error: Invalid autocomplete selectedIndex
JavaScript error: resource://gre/actors/AutoCompleteChild.jsm, line 125: Error: Invalid autocomplete selectedIndex
JavaScript error: resource://gre/modules/LoginManagerChild.jsm, line 194: NS_ERROR_XPC_JAVASCRIPT_ERROR_WITH_DETAILS: [JavaScript Error: "Invalid autocomplete selectedIndex" {file: "resource://gre/actors/AutoCompleteChild.jsm" line: 125}]'[JavaScript Error: "Invalid autocomplete selectedIndex" {file: "resource://gre/actors/AutoCompleteChild.jsm" line: 125}]' when calling method: [nsIAutoCompletePopup::selectedIndex]
1640703445628	Marionette	INFO	Stopped listening on port 54867
1640703526393	geckodriver	INFO	Listening on 127.0.0.1:54918
1640703526400	mozrunner::runner	INFO	Running command: "/Applications/Firefox.app/Contents/MacOS/firefox-bin" "--marionette" "--remote-debugging-port" "54919" "-foreground" "-no-remote" "-profile" "/var/folders/49/fzq0g8b9713dfw942nvlsn480000gn/T/rust_mozprofilekMrLRI"
1640703526809	Marionette	INFO	Marionette enabled
2021-12-28 23:58:47.428 firefox-bin[35259:389526] Warning: Expected min height of view: (<NSButton: 0x12ca17000>) to be less than or equal to 30 but got a height of 32.000000. This error will be logged once per view in violation.
2021-12-28 23:58:47.428 firefox-bin[35259:389526] Warning: Expected min height of view: (<NSButton: 0x132a16400>) to be less than or equal to 30 but got a height of 32.000000. This error will be logged once per view in violation.
2021-12-28 23:58:47.428 firefox-bin[35259:389526] Warning: Expected min height of view: (<NSButton: 0x132a11400>) to be less than or equal to 30 but got a height of 32.000000. This error will be logged once per view in violation.
2021-12-28 23:58:47.429 firefox-bin[35259:389526] Warning: Expected min height of view: (<NSButton: 0x132a17000>) to be less than or equal to 30 but got a height of 32.000000. This error will be logged once per view in violation.
2021-12-28 23:58:47.429 firefox-bin[35259:389526] Warning: Expected min height of view: (<NSButton: 0x132a11800>) to be less than or equal to 30 but got a height of 32.000000. This error will be logged once per view in violation.
2021-12-28 23:58:47.429 firefox-bin[35259:389526] Warning: Expected min height of view: (<NSPopoverTouchBarItemButton: 0x132a16800>) to be less than or equal to 30 but got a height of 32.000000. This error will be logged once per view in violation.
2021-12-28 23:58:47.430 firefox-bin[35259:389526] Warning: Expected min height of view: (<NSPopoverTouchBarItemButton: 0x119065800>) to be less than or equal to 30 but got a height of 32.000000. This error will be logged once per view in violation.
console.warn: SearchSettings: "get: No settings file exists, new profile?" (new NotFoundError("Could not open the file at /var/folders/49/fzq0g8b9713dfw942nvlsn480000gn/T/rust_mozprofilekMrLRI/search.json.mozlz4", (void 0)))
console.error: BackgroundUpdate: 
  _reasonsToNotScheduleUpdates: Failed to check for Maintenance Service Registry Key: [Exception... "Component returned failure code: 0x80004001 (NS_ERROR_NOT_IMPLEMENTED) [nsIUpdateProcessor.getServiceRegKeyExists]"  nsresult: "0x80004001 (NS_ERROR_NOT_IMPLEMENTED)"  location: "JS frame :: resource://gre/modules/BackgroundUpdate.jsm :: _reasonsToNotScheduleUpdates :: line 243"  data: no]
DevTools listening on ws://localhost:54919/devtools/browser/a8b4f659-e986-46c4-a278-1470e16534f5
1640703528335	Marionette	INFO	Listening on port 54922
1640703528386	RemoteAgent	WARN	TLS certificate errors will be ignored for this session
JavaScript error: resource://gre/actors/AutoCompleteChild.jsm, line 125: Error: Invalid autocomplete selectedIndex
JavaScript error: resource://gre/actors/AutoCompleteChild.jsm, line 125: Error: Invalid autocomplete selectedIndex
JavaScript error: resource://gre/modules/LoginManagerChild.jsm, line 194: NS_ERROR_XPC_JAVASCRIPT_ERROR_WITH_DETAILS: [JavaScript Error: "Invalid autocomplete selectedIndex" {file: "resource://gre/actors/AutoCompleteChild.jsm" line: 125}]'[JavaScript Error: "Invalid autocomplete selectedIndex" {file: "resource://gre/actors/AutoCompleteChild.jsm" line: 125}]' when calling method: [nsIAutoCompletePopup::selectedIndex]
1640703528598	Marionette	INFO	Stopped listening on port 54922

###!!! [Parent][RunMessage] Error: Channel closing: too late to send/recv, messages will be lost

1640703547282	geckodriver	INFO	Listening on 127.0.0.1:54966
1640703547289	mozrunner::runner	INFO	Running command: "/Applications/Firefox.app/Contents/MacOS/firefox-bin" "--marionette" "--remote-debugging-port" "54967" "-foreground" "-no-remote" "-profile" "/var/folders/49/fzq0g8b9713dfw942nvlsn480000gn/T/rust_mozprofileTZNVNW"
1640703547718	Marionette	INFO	Marionette enabled
2021-12-28 23:59:08.365 firefox-bin[35316:390307] Warning: Expected min height of view: (<NSButton: 0x1339e4c00>) to be less than or equal to 30 but got a height of 32.000000. This error will be logged once per view in violation.
2021-12-28 23:59:08.366 firefox-bin[35316:390307] Warning: Expected min height of view: (<NSButton: 0x133ced800>) to be less than or equal to 30 but got a height of 32.000000. This error will be logged once per view in violation.
2021-12-28 23:59:08.366 firefox-bin[35316:390307] Warning: Expected min height of view: (<NSButton: 0x133cf0c00>) to be less than or equal to 30 but got a height of 32.000000. This error will be logged once per view in violation.
2021-12-28 23:59:08.367 firefox-bin[35316:390307] Warning: Expected min height of view: (<NSButton: 0x133cec000>) to be less than or equal to 30 but got a height of 32.000000. This error will be logged once per view in violation.
2021-12-28 23:59:08.367 firefox-bin[35316:390307] Warning: Expected min height of view: (<NSButton: 0x133ceec00>) to be less than or equal to 30 but got a height of 32.000000. This error will be logged once per view in violation.
2021-12-28 23:59:08.367 firefox-bin[35316:390307] Warning: Expected min height of view: (<NSPopoverTouchBarItemButton: 0x133cea800>) to be less than or equal to 30 but got a height of 32.000000. This error will be logged once per view in violation.
2021-12-28 23:59:08.368 firefox-bin[35316:390307] Warning: Expected min height of view: (<NSPopoverTouchBarItemButton: 0x11a48cc00>) to be less than or equal to 30 but got a height of 32.000000. This error will be logged once per view in violation.
console.warn: SearchSettings: "get: No settings file exists, new profile?" (new NotFoundError("Could not open the file at /var/folders/49/fzq0g8b9713dfw942nvlsn480000gn/T/rust_mozprofileTZNVNW/search.json.mozlz4", (void 0)))
console.error: BackgroundUpdate: 
  _reasonsToNotScheduleUpdates: Failed to check for Maintenance Service Registry Key: [Exception... "Component returned failure code: 0x80004001 (NS_ERROR_NOT_IMPLEMENTED) [nsIUpdateProcessor.getServiceRegKeyExists]"  nsresult: "0x80004001 (NS_ERROR_NOT_IMPLEMENTED)"  location: "JS frame :: resource://gre/modules/BackgroundUpdate.jsm :: _reasonsToNotScheduleUpdates :: line 243"  data: no]
DevTools listening on ws://localhost:54967/devtools/browser/a5bb04b3-5089-4d6b-aa86-1b0de93dd371
1640703549225	Marionette	INFO	Listening on port 54970
1640703549271	RemoteAgent	WARN	TLS certificate errors will be ignored for this session
JavaScript error: resource://gre/actors/AutoCompleteChild.jsm, line 125: Error: Invalid autocomplete selectedIndex
JavaScript error: resource://gre/actors/AutoCompleteChild.jsm, line 125: Error: Invalid autocomplete selectedIndex
JavaScript error: resource://gre/modules/LoginManagerChild.jsm, line 194: NS_ERROR_XPC_JAVASCRIPT_ERROR_WITH_DETAILS: [JavaScript Error: "Invalid autocomplete selectedIndex" {file: "resource://gre/actors/AutoCompleteChild.jsm" line: 125}]'[JavaScript Error: "Invalid autocomplete selectedIndex" {file: "resource://gre/actors/AutoCompleteChild.jsm" line: 125}]' when calling method: [nsIAutoCompletePopup::selectedIndex]
1640703550503	Marionette	INFO	Stopped listening on port 54970
1640704034517	geckodriver	INFO	Listening on 127.0.0.1:55090
1640704034525	mozrunner::runner	INFO	Running command: "/Applications/Firefox.app/Contents/MacOS/firefox-bin" "--marionette" "--remote-debugging-port" "55091" "-foreground" "-no-remote" "-profile" "/var/folders/49/fzq0g8b9713dfw942nvlsn480000gn/T/rust_mozprofile07OUke"
1640704034933	Marionette	INFO	Marionette enabled
2021-12-29 00:07:15.594 firefox-bin[36040:397672] Warning: Expected min height of view: (<NSButton: 0x133f0c400>) to be less than or equal to 30 but got a height of 32.000000. This error will be logged once per view in violation.
2021-12-29 00:07:15.594 firefox-bin[36040:397672] Warning: Expected min height of view: (<NSButton: 0x13420d000>) to be less than or equal to 30 but got a height of 32.000000. This error will be logged once per view in violation.
2021-12-29 00:07:15.595 firefox-bin[36040:397672] Warning: Expected min height of view: (<NSButton: 0x134211400>) to be less than or equal to 30 but got a height of 32.000000. This error will be logged once per view in violation.
2021-12-29 00:07:15.595 firefox-bin[36040:397672] Warning: Expected min height of view: (<NSButton: 0x13420c400>) to be less than or equal to 30 but got a height of 32.000000. This error will be logged once per view in violation.
2021-12-29 00:07:15.595 firefox-bin[36040:397672] Warning: Expected min height of view: (<NSButton: 0x13420d400>) to be less than or equal to 30 but got a height of 32.000000. This error will be logged once per view in violation.
2021-12-29 00:07:15.596 firefox-bin[36040:397672] Warning: Expected min height of view: (<NSPopoverTouchBarItemButton: 0x134211c00>) to be less than or equal to 30 but got a height of 32.000000. This error will be logged once per view in violation.
2021-12-29 00:07:15.596 firefox-bin[36040:397672] Warning: Expected min height of view: (<NSPopoverTouchBarItemButton: 0x11ae9ec00>) to be less than or equal to 30 but got a height of 32.000000. This error will be logged once per view in violation.
console.warn: SearchSettings: "get: No settings file exists, new profile?" (new NotFoundError("Could not open the file at /var/folders/49/fzq0g8b9713dfw942nvlsn480000gn/T/rust_mozprofile07OUke/search.json.mozlz4", (void 0)))
console.error: BackgroundUpdate: 
  _reasonsToNotScheduleUpdates: Failed to check for Maintenance Service Registry Key: [Exception... "Component returned failure code: 0x80004001 (NS_ERROR_NOT_IMPLEMENTED) [nsIUpdateProcessor.getServiceRegKeyExists]"  nsresult: "0x80004001 (NS_ERROR_NOT_IMPLEMENTED)"  location: "JS frame :: resource://gre/modules/BackgroundUpdate.jsm :: _reasonsToNotScheduleUpdates :: line 243"  data: no]
DevTools listening on ws://localhost:55091/devtools/browser/5b73c4c5-bc63-4379-8ee4-e652163316fc
1640704036620	Marionette	INFO	Listening on port 55094
1640704036726	RemoteAgent	WARN	TLS certificate errors will be ignored for this session
JavaScript error: resource://gre/actors/AutoCompleteChild.jsm, line 125: Error: Invalid autocomplete selectedIndex
JavaScript error: resource://gre/actors/AutoCompleteChild.jsm, line 125: Error: Invalid autocomplete selectedIndex
JavaScript error: resource://gre/modules/LoginManagerChild.jsm, line 194: NS_ERROR_XPC_JAVASCRIPT_ERROR_WITH_DETAILS: [JavaScript Error: "Invalid autocomplete selectedIndex" {file: "resource://gre/actors/AutoCompleteChild.jsm" line: 125}]'[JavaScript Error: "Invalid autocomplete selectedIndex" {file: "resource://gre/actors/AutoCompleteChild.jsm" line: 125}]' when calling method: [nsIAutoCompletePopup::selectedIndex]
1640704037997	Marionette	INFO	Stopped listening on port 55094

###!!! [Parent][RunMessage] Error: Channel closing: too late to send/recv, messages will be lost

1640705408331	geckodriver	INFO	Listening on 127.0.0.1:55391
1640705408854	mozrunner::runner	INFO	Running command: "/Applications/Firefox.app/Contents/MacOS/firefox-bin" "--marionette" "--remote-debugging-port" "55392" "-foreground" "-no-remote" "-profile" "/var/folders/49/fzq0g8b9713dfw942nvlsn480000gn/T/rust_mozprofileaWIaYu"
1640705409480	Marionette	INFO	Marionette enabled
2021-12-29 00:30:10.260 firefox-bin[38394:418965] Warning: Expected min height of view: (<NSButton: 0x12dfc2800>) to be less than or equal to 30 but got a height of 32.000000. This error will be logged once per view in violation.
2021-12-29 00:30:10.260 firefox-bin[38394:418965] Warning: Expected min height of view: (<NSButton: 0x134b7b400>) to be less than or equal to 30 but got a height of 32.000000. This error will be logged once per view in violation.
2021-12-29 00:30:10.261 firefox-bin[38394:418965] Warning: Expected min height of view: (<NSButton: 0x134b7c800>) to be less than or equal to 30 but got a height of 32.000000. This error will be logged once per view in violation.
2021-12-29 00:30:10.262 firefox-bin[38394:418965] Warning: Expected min height of view: (<NSButton: 0x134b7fc00>) to be less than or equal to 30 but got a height of 32.000000. This error will be logged once per view in violation.
2021-12-29 00:30:10.264 firefox-bin[38394:418965] Warning: Expected min height of view: (<NSButton: 0x134b7b800>) to be less than or equal to 30 but got a height of 32.000000. This error will be logged once per view in violation.
2021-12-29 00:30:10.264 firefox-bin[38394:418965] Warning: Expected min height of view: (<NSPopoverTouchBarItemButton: 0x134b7a000>) to be less than or equal to 30 but got a height of 32.000000. This error will be logged once per view in violation.
2021-12-29 00:30:10.266 firefox-bin[38394:418965] Warning: Expected min height of view: (<NSPopoverTouchBarItemButton: 0x11b324800>) to be less than or equal to 30 but got a height of 32.000000. This error will be logged once per view in violation.
console.warn: SearchSettings: "get: No settings file exists, new profile?" (new NotFoundError("Could not open the file at /var/folders/49/fzq0g8b9713dfw942nvlsn480000gn/T/rust_mozprofileaWIaYu/search.json.mozlz4", (void 0)))
console.error: BackgroundUpdate: 
  _reasonsToNotScheduleUpdates: Failed to check for Maintenance Service Registry Key: [Exception... "Component returned failure code: 0x80004001 (NS_ERROR_NOT_IMPLEMENTED) [nsIUpdateProcessor.getServiceRegKeyExists]"  nsresult: "0x80004001 (NS_ERROR_NOT_IMPLEMENTED)"  location: "JS frame :: resource://gre/modules/BackgroundUpdate.jsm :: _reasonsToNotScheduleUpdates :: line 243"  data: no]
DevTools listening on ws://localhost:55392/devtools/browser/e1e2878f-36d9-4122-bba2-a0541e52a7de
1640705411325	Marionette	INFO	Listening on port 55397
1640705411358	RemoteAgent	WARN	TLS certificate errors will be ignored for this session
1640705411578	Marionette	INFO	Stopped listening on port 55397

###!!! [Parent][RunMessage] Error: Channel closing: too late to send/recv, messages will be lost

1640705474673	geckodriver	INFO	Listening on 127.0.0.1:55454
1640705474681	mozrunner::runner	INFO	Running command: "/Applications/Firefox.app/Contents/MacOS/firefox-bin" "--marionette" "--remote-debugging-port" "55455" "-foreground" "-no-remote" "-profile" "/var/folders/49/fzq0g8b9713dfw942nvlsn480000gn/T/rust_mozprofile2ThNyT"
1640705475121	Marionette	INFO	Marionette enabled
2021-12-29 00:31:15.761 firefox-bin[38526:420303] Warning: Expected min height of view: (<NSButton: 0x12b606c00>) to be less than or equal to 30 but got a height of 32.000000. This error will be logged once per view in violation.
2021-12-29 00:31:15.761 firefox-bin[38526:420303] Warning: Expected min height of view: (<NSButton: 0x1325f8800>) to be less than or equal to 30 but got a height of 32.000000. This error will be logged once per view in violation.
2021-12-29 00:31:15.761 firefox-bin[38526:420303] Warning: Expected min height of view: (<NSButton: 0x1325f7000>) to be less than or equal to 30 but got a height of 32.000000. This error will be logged once per view in violation.
2021-12-29 00:31:15.762 firefox-bin[38526:420303] Warning: Expected min height of view: (<NSButton: 0x1325f9c00>) to be less than or equal to 30 but got a height of 32.000000. This error will be logged once per view in violation.
2021-12-29 00:31:15.762 firefox-bin[38526:420303] Warning: Expected min height of view: (<NSButton: 0x1325f7800>) to be less than or equal to 30 but got a height of 32.000000. This error will be logged once per view in violation.
2021-12-29 00:31:15.762 firefox-bin[38526:420303] Warning: Expected min height of view: (<NSPopoverTouchBarItemButton: 0x1325f8400>) to be less than or equal to 30 but got a height of 32.000000. This error will be logged once per view in violation.
2021-12-29 00:31:15.764 firefox-bin[38526:420303] Warning: Expected min height of view: (<NSPopoverTouchBarItemButton: 0x118d0e400>) to be less than or equal to 30 but got a height of 32.000000. This error will be logged once per view in violation.
console.warn: SearchSettings: "get: No settings file exists, new profile?" (new NotFoundError("Could not open the file at /var/folders/49/fzq0g8b9713dfw942nvlsn480000gn/T/rust_mozprofile2ThNyT/search.json.mozlz4", (void 0)))
console.error: BackgroundUpdate: 
  _reasonsToNotScheduleUpdates: Failed to check for Maintenance Service Registry Key: [Exception... "Component returned failure code: 0x80004001 (NS_ERROR_NOT_IMPLEMENTED) [nsIUpdateProcessor.getServiceRegKeyExists]"  nsresult: "0x80004001 (NS_ERROR_NOT_IMPLEMENTED)"  location: "JS frame :: resource://gre/modules/BackgroundUpdate.jsm :: _reasonsToNotScheduleUpdates :: line 243"  data: no]
DevTools listening on ws://localhost:55455/devtools/browser/1524f8b0-f71e-4f7b-85ef-09a5366731d7
1640705476706	Marionette	INFO	Listening on port 55458
1640705476768	RemoteAgent	WARN	TLS certificate errors will be ignored for this session
JavaScript error: resource://gre/actors/AutoCompleteChild.jsm, line 125: Error: Invalid autocomplete selectedIndex
JavaScript error: resource://gre/actors/AutoCompleteChild.jsm, line 125: Error: Invalid autocomplete selectedIndex
JavaScript error: resource://gre/modules/LoginManagerChild.jsm, line 194: NS_ERROR_XPC_JAVASCRIPT_ERROR_WITH_DETAILS: [JavaScript Error: "Invalid autocomplete selectedIndex" {file: "resource://gre/actors/AutoCompleteChild.jsm" line: 125}]'[JavaScript Error: "Invalid autocomplete selectedIndex" {file: "resource://gre/actors/AutoCompleteChild.jsm" line: 125}]' when calling method: [nsIAutoCompletePopup::selectedIndex]
1640705479070	Marionette	INFO	Stopped listening on port 55458

###!!! [Parent][RunMessage] Error: Channel closing: too late to send/recv, messages will be lost

1642139709625	geckodriver	INFO	Listening on 127.0.0.1:51367
1642139709805	mozrunner::runner	INFO	Running command: "/Applications/Firefox.app/Contents/MacOS/firefox-bin" "--marionette" "--remote-debugging-port" "51368" "-foreground" "-no-remote" "-profile" "/var/folders/31/k48zzm7s32j7q1nrly8rn8pm0000gn/T/rust_mozprofileVS7clI"
1642139732486	Marionette	INFO	Marionette enabled
2022-01-14 05:55:33.252 firefox-bin[5191:86997] Warning: Expected min height of view: (<NSButton: 0x136ad0800>) to be less than or equal to 30 but got a height of 32.000000. This error will be logged once per view in violation.
2022-01-14 05:55:33.253 firefox-bin[5191:86997] Warning: Expected min height of view: (<NSButton: 0x136d31800>) to be less than or equal to 30 but got a height of 32.000000. This error will be logged once per view in violation.
2022-01-14 05:55:33.253 firefox-bin[5191:86997] Warning: Expected min height of view: (<NSButton: 0x136d2dc00>) to be less than or equal to 30 but got a height of 32.000000. This error will be logged once per view in violation.
2022-01-14 05:55:33.254 firefox-bin[5191:86997] Warning: Expected min height of view: (<NSButton: 0x136d31c00>) to be less than or equal to 30 but got a height of 32.000000. This error will be logged once per view in violation.
2022-01-14 05:55:33.254 firefox-bin[5191:86997] Warning: Expected min height of view: (<NSButton: 0x136d33000>) to be less than or equal to 30 but got a height of 32.000000. This error will be logged once per view in violation.
2022-01-14 05:55:33.254 firefox-bin[5191:86997] Warning: Expected min height of view: (<NSPopoverTouchBarItemButton: 0x136d32400>) to be less than or equal to 30 but got a height of 32.000000. This error will be logged once per view in violation.
2022-01-14 05:55:33.255 firefox-bin[5191:86997] Warning: Expected min height of view: (<NSPopoverTouchBarItemButton: 0x136acd800>) to be less than or equal to 30 but got a height of 32.000000. This error will be logged once per view in violation.
console.warn: SearchSettings: "get: No settings file exists, new profile?" (new NotFoundError("Could not open the file at /var/folders/31/k48zzm7s32j7q1nrly8rn8pm0000gn/T/rust_mozprofileVS7clI/search.json.mozlz4", (void 0)))
console.error: BackgroundUpdate: 
  _reasonsToNotScheduleUpdates: Failed to check for Maintenance Service Registry Key: [Exception... "Component returned failure code: 0x80004001 (NS_ERROR_NOT_IMPLEMENTED) [nsIUpdateProcessor.getServiceRegKeyExists]"  nsresult: "0x80004001 (NS_ERROR_NOT_IMPLEMENTED)"  location: "JS frame :: resource://gre/modules/BackgroundUpdate.jsm :: _reasonsToNotScheduleUpdates :: line 243"  data: no]
DevTools listening on ws://localhost:51368/devtools/browser/af5922f3-2c79-4013-b963-2464ef77d178
1642139734233	Marionette	INFO	Listening on port 51375
1642139734289	RemoteAgent	WARN	TLS certificate errors will be ignored for this session
JavaScript error: resource://gre/actors/AutoCompleteChild.jsm, line 125: Error: Invalid autocomplete selectedIndex
JavaScript error: resource://gre/actors/AutoCompleteChild.jsm, line 125: Error: Invalid autocomplete selectedIndex
JavaScript error: resource://gre/modules/LoginManagerChild.jsm, line 194: NS_ERROR_XPC_JAVASCRIPT_ERROR_WITH_DETAILS: [JavaScript Error: "Invalid autocomplete selectedIndex" {file: "resource://gre/actors/AutoCompleteChild.jsm" line: 125}]'[JavaScript Error: "Invalid autocomplete selectedIndex" {file: "resource://gre/actors/AutoCompleteChild.jsm" line: 125}]' when calling method: [nsIAutoCompletePopup::selectedIndex]
1642139736601	Marionette	INFO	Stopped listening on port 51375

###!!! [Parent][RunMessage] Error: Channel closing: too late to send/recv, messages will be lost

1642139757367	geckodriver	INFO	Listening on 127.0.0.1:51642
1642139757886	mozrunner::runner	INFO	Running command: "/Applications/Firefox.app/Contents/MacOS/firefox-bin" "--marionette" "--remote-debugging-port" "51643" "-foreground" "-no-remote" "-profile" "/var/folders/31/k48zzm7s32j7q1nrly8rn8pm0000gn/T/rust_mozprofilea16Zjx"
1642139758262	Marionette	INFO	Marionette enabled
2022-01-14 05:55:58.930 firefox-bin[5215:87926] Warning: Expected min height of view: (<NSButton: 0x135e79c00>) to be less than or equal to 30 but got a height of 32.000000. This error will be logged once per view in violation.
2022-01-14 05:55:58.931 firefox-bin[5215:87926] Warning: Expected min height of view: (<NSButton: 0x1361a3400>) to be less than or equal to 30 but got a height of 32.000000. This error will be logged once per view in violation.
2022-01-14 05:55:58.931 firefox-bin[5215:87926] Warning: Expected min height of view: (<NSButton: 0x1361a4c00>) to be less than or equal to 30 but got a height of 32.000000. This error will be logged once per view in violation.
2022-01-14 05:55:58.931 firefox-bin[5215:87926] Warning: Expected min height of view: (<NSButton: 0x1361a2800>) to be less than or equal to 30 but got a height of 32.000000. This error will be logged once per view in violation.
2022-01-14 05:55:58.932 firefox-bin[5215:87926] Warning: Expected min height of view: (<NSButton: 0x1361a1800>) to be less than or equal to 30 but got a height of 32.000000. This error will be logged once per view in violation.
2022-01-14 05:55:58.932 firefox-bin[5215:87926] Warning: Expected min height of view: (<NSPopoverTouchBarItemButton: 0x1361a7400>) to be less than or equal to 30 but got a height of 32.000000. This error will be logged once per view in violation.
2022-01-14 05:55:58.932 firefox-bin[5215:87926] Warning: Expected min height of view: (<NSPopoverTouchBarItemButton: 0x12f278800>) to be less than or equal to 30 but got a height of 32.000000. This error will be logged once per view in violation.
console.warn: SearchSettings: "get: No settings file exists, new profile?" (new NotFoundError("Could not open the file at /var/folders/31/k48zzm7s32j7q1nrly8rn8pm0000gn/T/rust_mozprofilea16Zjx/search.json.mozlz4", (void 0)))
console.error: BackgroundUpdate: 
  _reasonsToNotScheduleUpdates: Failed to check for Maintenance Service Registry Key: [Exception... "Component returned failure code: 0x80004001 (NS_ERROR_NOT_IMPLEMENTED) [nsIUpdateProcessor.getServiceRegKeyExists]"  nsresult: "0x80004001 (NS_ERROR_NOT_IMPLEMENTED)"  location: "JS frame :: resource://gre/modules/BackgroundUpdate.jsm :: _reasonsToNotScheduleUpdates :: line 243"  data: no]
DevTools listening on ws://localhost:51643/devtools/browser/20a1b98f-abc3-4c90-ac2e-42bfd3813a8b
1642139759742	Marionette	INFO	Listening on port 51648
1642139759765	RemoteAgent	WARN	TLS certificate errors will be ignored for this session
JavaScript error: resource://gre/actors/AutoCompleteChild.jsm, line 125: Error: Invalid autocomplete selectedIndex
JavaScript error: resource://gre/actors/AutoCompleteChild.jsm, line 125: Error: Invalid autocomplete selectedIndex
JavaScript error: resource://gre/modules/LoginManagerChild.jsm, line 194: NS_ERROR_XPC_JAVASCRIPT_ERROR_WITH_DETAILS: [JavaScript Error: "Invalid autocomplete selectedIndex" {file: "resource://gre/actors/AutoCompleteChild.jsm" line: 125}]'[JavaScript Error: "Invalid autocomplete selectedIndex" {file: "resource://gre/actors/AutoCompleteChild.jsm" line: 125}]' when calling method: [nsIAutoCompletePopup::selectedIndex]
1642139762061	Marionette	INFO	Stopped listening on port 51648

###!!! [Parent][RunMessage] Error: Channel closing: too late to send/recv, messages will be lost

